app/build/intermediates/manifest_merge_blame_file/debug/manifest-merger-blame-debug-report.txt
1<?xml version="1.0" encoding="utf-8"?>
2<manifest xmlns:android="http://schemas.android.com/apk/res/android"
3    package="com.example.sendmail"
4    android:versionCode="1"
5    android:versionName="1.0" >
6
7    <uses-sdk
8        android:minSdkVersion="24"
8-->src\main\AndroidManifest.xml
9        android:targetSdkVersion="31" />
9-->src\main\AndroidManifest.xml
10
11    <uses-permission android:name="android.permission.INTERNET" />
11-->src\main\AndroidManifest.xml:5:5-67
11-->src\main\AndroidManifest.xml:5:22-64
12
13    <application
13-->src\main\AndroidManifest.xml:7:5-50:19
14        android:allowBackup="true"
14-->src\main\AndroidManifest.xml:8:9-35
15        android:appComponentFactory="androidx.core.app.CoreComponentFactory"
15-->[androidx.core:core:1.7.0] AndroidManifest.xml:24:18-86
16        android:debuggable="true"
17        android:extractNativeLibs="false"
18        android:icon="@mipmap/ic_launcher"
18-->src\main\AndroidManifest.xml:9:9-43
19        android:label="@string/app_name"
19-->src\main\AndroidManifest.xml:10:9-41
20        android:roundIcon="@mipmap/ic_launcher_round"
20-->src\main\AndroidManifest.xml:11:9-54
21        android:supportsRtl="true"
21-->src\main\AndroidManifest.xml:12:9-35
22        android:testOnly="true"
23        android:theme="@style/Theme.SendMail" >
23-->src\main\AndroidManifest.xml:13:9-46
24        <activity
24-->src\main\AndroidManifest.xml:14:9-16:40
25            android:name="com.example.sendmail.DayTimeFlag"
25-->src\main\AndroidManifest.xml:15:13-40
26            android:exported="false" />
26-->src\main\AndroidManifest.xml:16:13-37
27        <activity
27-->src\main\AndroidManifest.xml:17:9-19:40
28            android:name="com.example.sendmail.OpenDoorUser2"
28-->src\main\AndroidManifest.xml:18:13-42
29            android:exported="false" />
29-->src\main\AndroidManifest.xml:19:13-37
30        <activity
30-->src\main\AndroidManifest.xml:20:9-22:40
31            android:name="com.example.sendmail.UserHome2"
31-->src\main\AndroidManifest.xml:21:13-38
32            android:exported="false" />
32-->src\main\AndroidManifest.xml:22:13-37
33        <activity
33-->src\main\AndroidManifest.xml:23:9-25:40
34            android:name="com.example.sendmail.RegistrationUpdateUser2"
34-->src\main\AndroidManifest.xml:24:13-52
35            android:exported="false" />
35-->src\main\AndroidManifest.xml:25:13-37
36        <activity
36-->src\main\AndroidManifest.xml:26:9-28:40
37            android:name="com.example.sendmail.ViewDeleteUserAdmin2"
37-->src\main\AndroidManifest.xml:27:13-49
38            android:exported="false" />
38-->src\main\AndroidManifest.xml:28:13-37
39        <activity
39-->src\main\AndroidManifest.xml:29:9-31:40
40            android:name="com.example.sendmail.DeleteAllUserAdmin2"
40-->src\main\AndroidManifest.xml:30:13-48
41            android:exported="false" />
41-->src\main\AndroidManifest.xml:31:13-37
42        <activity
42-->src\main\AndroidManifest.xml:32:9-34:40
43            android:name="com.example.sendmail.AdminLogin2"
43-->src\main\AndroidManifest.xml:33:13-40
44            android:exported="false" />
44-->src\main\AndroidManifest.xml:34:13-37
45        <activity
45-->src\main\AndroidManifest.xml:35:9-37:40
46            android:name="com.example.sendmail.AdminHome2"
46-->src\main\AndroidManifest.xml:36:13-39
47            android:exported="false" />
47-->src\main\AndroidManifest.xml:37:13-37
48        <activity
48-->src\main\AndroidManifest.xml:38:9-40:40
49            android:name="com.example.sendmail.AddUserAdmin2"
49-->src\main\AndroidManifest.xml:39:13-42
50            android:exported="false" />
50-->src\main\AndroidManifest.xml:40:13-37
51        <activity
51-->src\main\AndroidManifest.xml:41:9-49:20
52            android:name="com.example.sendmail.MainActivity"
52-->src\main\AndroidManifest.xml:42:13-41
53            android:exported="true" >
53-->src\main\AndroidManifest.xml:43:13-36
54            <intent-filter>
54-->src\main\AndroidManifest.xml:44:13-48:29
55                <action android:name="android.intent.action.MAIN" />
55-->src\main\AndroidManifest.xml:45:17-69
55-->src\main\AndroidManifest.xml:45:25-66
56
57                <category android:name="android.intent.category.LAUNCHER" />
57-->src\main\AndroidManifest.xml:47:17-77
57-->src\main\AndroidManifest.xml:47:27-74
58            </intent-filter>
59        </activity>
60
61        <provider
61-->[androidx.emoji2:emoji2:1.0.0] AndroidManifest.xml:26:9-34:20
62            android:name="androidx.startup.InitializationProvider"
62-->[androidx.emoji2:emoji2:1.0.0] AndroidManifest.xml:27:13-67
63            android:authorities="com.example.sendmail.androidx-startup"
63-->[androidx.emoji2:emoji2:1.0.0] AndroidManifest.xml:28:13-68
64            android:exported="false" >
64-->[androidx.emoji2:emoji2:1.0.0] AndroidManifest.xml:29:13-37
65            <meta-data
65-->[androidx.emoji2:emoji2:1.0.0] AndroidManifest.xml:31:13-33:52
66                android:name="androidx.emoji2.text.EmojiCompatInitializer"
66-->[androidx.emoji2:emoji2:1.0.0] AndroidManifest.xml:32:17-75
67                android:value="androidx.startup" />
67-->[androidx.emoji2:emoji2:1.0.0] AndroidManifest.xml:33:17-49
68            <meta-data
68-->[androidx.lifecycle:lifecycle-process:2.4.0] AndroidManifest.xml:31:13-33:52
69                android:name="androidx.lifecycle.ProcessLifecycleInitializer"
69-->[androidx.lifecycle:lifecycle-process:2.4.0] AndroidManifest.xml:32:17-78
70                android:value="androidx.startup" />
70-->[androidx.lifecycle:lifecycle-process:2.4.0] AndroidManifest.xml:33:17-49
71        </provider>
72    </application>
73
74</manifest>